<VrpVehicleRoutingSolution id="1">
  <id>0</id>
  <name>usa-n100-k10</name>
  <distanceType>AIR_DISTANCE</distanceType>
  <distanceUnitOfMeasurement>distance</distanceUnitOfMeasurement>
  <locationList id="2">
    <VrpAirLocation id="1000">
      <id>0</id>
      <latitude>51.554339</latitude>
      <longitude>4.209555</longitude>
    </VrpAirLocation>
    <VrpAirLocation id="3">
      <id>1</id>
      <latitude>51.5738</latitude>
      <longitude>4.2019</longitude>
    </VrpAirLocation>
    <VrpAirLocation id="4">
      <id>2</id>
      <latitude>51.5738</latitude>
      <longitude>4.2016</longitude>
    </VrpAirLocation>
    <VrpAirLocation id="5">
      <id>3</id>
      <latitude>51.5738</latitude>
      <longitude>4.2012</longitude>
    </VrpAirLocation>
    <VrpAirLocation id="6">
      <id>4</id>
      <latitude>51.5737</latitude>
      <longitude>4.2009</longitude>
    </VrpAirLocation>
    <VrpAirLocation id="7">
      <id>5</id>
      <latitude>51.5736</latitude>
      <longitude>4.2018</longitude>
    </VrpAirLocation>
    <VrpAirLocation id="8">
      <id>6</id>
      <latitude>51.5737</latitude>
      <longitude>4.2007</longitude>
    </VrpAirLocation>
    <VrpAirLocation id="9">
      <id>7</id>
      <latitude>51.5735</latitude>
      <longitude>4.2011</longitude>
    </VrpAirLocation>
    <VrpAirLocation id="10">
      <id>8</id>
      <latitude>51.5737</latitude>
      <longitude>4.2005</longitude>
    </VrpAirLocation>
    <VrpAirLocation id="11">
      <id>9</id>
      <latitude>51.5735</latitude>
      <longitude>4.201</longitude>
    </VrpAirLocation>
    <VrpAirLocation id="12">
      <id>10</id>
      <latitude>51.5738</latitude>
      <longitude>4.2003</longitude>
    </VrpAirLocation>
    <VrpAirLocation id="13">
      <id>11</id>
      <latitude>51.5735</latitude>
      <longitude>4.2009</longitude>
    </VrpAirLocation>
    <VrpAirLocation id="14">
      <id>12</id>
      <latitude>51.5737</latitude>
      <longitude>4.2</longitude>
    </VrpAirLocation>
    <VrpAirLocation id="15">
      <id>13</id>
      <latitude>51.5737</latitude>
      <longitude>4.1998</longitude>
    </VrpAirLocation>
    <VrpAirLocation id="16">
      <id>14</id>
      <latitude>51.5735</latitude>
      <longitude>4.2006</longitude>
    </VrpAirLocation>
    <VrpAirLocation id="17">
      <id>15</id>
      <latitude>51.5737</latitude>
      <longitude>4.1996</longitude>
    </VrpAirLocation>
    <VrpAirLocation id="18">
      <id>16</id>
      <latitude>51.5735</latitude>
      <longitude>4.2</longitude>
    </VrpAirLocation>
    <VrpAirLocation id="19">
      <id>17</id>
      <latitude>51.5737</latitude>
      <longitude>4.1992</longitude>
    </VrpAirLocation>
    <VrpAirLocation id="20">
      <id>18</id>
      <latitude>51.5735</latitude>
      <longitude>4.1996</longitude>
    </VrpAirLocation>
    <VrpAirLocation id="21">
      <id>19</id>
      <latitude>51.5737</latitude>
      <longitude>4.199</longitude>
    </VrpAirLocation>
    <VrpAirLocation id="22">
      <id>20</id>
      <latitude>51.5735</latitude>
      <longitude>4.1993</longitude>
    </VrpAirLocation>
    <VrpAirLocation id="23">
      <id>21</id>
      <latitude>51.5737</latitude>
      <longitude>4.1988</longitude>
    </VrpAirLocation>
    <VrpAirLocation id="24">
      <id>22</id>
      <latitude>51.5735</latitude>
      <longitude>4.199</longitude>
    </VrpAirLocation>
    <VrpAirLocation id="25">
      <id>23</id>
      <latitude>51.5737</latitude>
      <longitude>4.1986</longitude>
    </VrpAirLocation>
    <VrpAirLocation id="26">
      <id>24</id>
      <latitude>51.5737</latitude>
      <longitude>4.1983</longitude>
    </VrpAirLocation>
    <VrpAirLocation id="27">
      <id>25</id>
      <latitude>51.5734</latitude>
      <longitude>4.1984</longitude>
    </VrpAirLocation>
    <VrpAirLocation id="28">
      <id>26</id>
      <latitude>51.5737</latitude>
      <longitude>4.198</longitude>
    </VrpAirLocation>
    <VrpAirLocation id="29">
      <id>27</id>
      <latitude>51.5737</latitude>
      <longitude>4.1979</longitude>
    </VrpAirLocation>
    <VrpAirLocation id="30">
      <id>28</id>
      <latitude>51.5735</latitude>
      <longitude>4.1981</longitude>
    </VrpAirLocation>
    <VrpAirLocation id="31">
      <id>29</id>
      <latitude>51.5737</latitude>
      <longitude>4.1978</longitude>
    </VrpAirLocation>
    <VrpAirLocation id="32">
      <id>30</id>
      <latitude>51.5735</latitude>
      <longitude>4.198</longitude>
    </VrpAirLocation>
    <VrpAirLocation id="33">
      <id>31</id>
      <latitude>51.5737</latitude>
      <longitude>4.1978</longitude>
    </VrpAirLocation>
    <VrpAirLocation id="34">
      <id>32</id>
      <latitude>51.5735</latitude>
      <longitude>4.1979</longitude>
    </VrpAirLocation>
    <VrpAirLocation id="35">
      <id>33</id>
      <latitude>51.5735</latitude>
      <longitude>4.1978</longitude>
    </VrpAirLocation>
    <VrpAirLocation id="36">
      <id>34</id>
      <latitude>51.5737</latitude>
      <longitude>4.1976</longitude>
    </VrpAirLocation>
    <VrpAirLocation id="37">
      <id>35</id>
      <latitude>51.5735</latitude>
      <longitude>4.1978</longitude>
    </VrpAirLocation>
    <VrpAirLocation id="38">
      <id>36</id>
      <latitude>51.5732</latitude>
      <longitude>4.1979</longitude>
    </VrpAirLocation>
    <VrpAirLocation id="39">
      <id>37</id>
      <latitude>51.5737</latitude>
      <longitude>4.1974</longitude>
    </VrpAirLocation>
    <VrpAirLocation id="40">
      <id>38</id>
      <latitude>51.5732</latitude>
      <longitude>4.1979</longitude>
    </VrpAirLocation>
    <VrpAirLocation id="41">
      <id>39</id>
      <latitude>51.5737</latitude>
      <longitude>4.1973</longitude>
    </VrpAirLocation>
    <VrpAirLocation id="42">
      <id>40</id>
      <latitude>51.5731</latitude>
      <longitude>4.198</longitude>
    </VrpAirLocation>
    <VrpAirLocation id="43">
      <id>41</id>
      <latitude>51.5737</latitude>
      <longitude>4.1973</longitude>
    </VrpAirLocation>
    <VrpAirLocation id="44">
      <id>42</id>
      <latitude>51.573</latitude>
      <longitude>4.198</longitude>
    </VrpAirLocation>
    <VrpAirLocation id="45">
      <id>43</id>
      <latitude>51.5735</latitude>
      <longitude>4.1974</longitude>
    </VrpAirLocation>
    <VrpAirLocation id="46">
      <id>44</id>
      <latitude>51.573</latitude>
      <longitude>4.198</longitude>
    </VrpAirLocation>
    <VrpAirLocation id="47">
      <id>45</id>
      <latitude>51.5735</latitude>
      <longitude>4.1974</longitude>
    </VrpAirLocation>
    <VrpAirLocation id="48">
      <id>46</id>
      <latitude>51.5734</latitude>
      <longitude>4.1974</longitude>
    </VrpAirLocation>
    <VrpAirLocation id="49">
      <id>47</id>
      <latitude>51.5734</latitude>
      <longitude>4.1974</longitude>
    </VrpAirLocation>
    <VrpAirLocation id="50">
      <id>48</id>
      <latitude>51.5733</latitude>
      <longitude>4.1974</longitude>
    </VrpAirLocation>
    <VrpAirLocation id="51">
      <id>49</id>
      <latitude>51.5724</latitude>
      <longitude>4.1985</longitude>
    </VrpAirLocation>
    <VrpAirLocation id="52">
      <id>50</id>
      <latitude>51.5725</latitude>
      <longitude>4.1984</longitude>
    </VrpAirLocation>
    <VrpAirLocation id="53">
      <id>51</id>
      <latitude>51.5726</latitude>
      <longitude>4.1984</longitude>
    </VrpAirLocation>
    <VrpAirLocation id="54">
      <id>52</id>
      <latitude>51.5727</latitude>
      <longitude>4.1984</longitude>
    </VrpAirLocation>
    <VrpAirLocation id="55">
      <id>53</id>
      <latitude>51.5731</latitude>
      <longitude>4.1975</longitude>
    </VrpAirLocation>
    <VrpAirLocation id="56">
      <id>54</id>
      <latitude>51.5731</latitude>
      <longitude>4.1974</longitude>
    </VrpAirLocation>
    <VrpAirLocation id="57">
      <id>55</id>
      <latitude>51.5719</latitude>
      <longitude>4.1983</longitude>
    </VrpAirLocation>
    <VrpAirLocation id="58">
      <id>56</id>
      <latitude>51.5719</latitude>
      <longitude>4.1982</longitude>
    </VrpAirLocation>
    <VrpAirLocation id="59">
      <id>57</id>
      <latitude>51.5719</latitude>
      <longitude>4.1982</longitude>
    </VrpAirLocation>
    <VrpAirLocation id="60">
      <id>58</id>
      <latitude>51.5719</latitude>
      <longitude>4.1981</longitude>
    </VrpAirLocation>
    <VrpAirLocation id="61">
      <id>59</id>
      <latitude>51.5719</latitude>
      <longitude>4.198</longitude>
    </VrpAirLocation>
    <VrpAirLocation id="62">
      <id>60</id>
      <latitude>51.5719</latitude>
      <longitude>4.198</longitude>
    </VrpAirLocation>
    <VrpAirLocation id="63">
      <id>61</id>
      <latitude>51.5721</latitude>
      <longitude>4.198</longitude>
    </VrpAirLocation>
    <VrpAirLocation id="64">
      <id>62</id>
      <latitude>51.5721</latitude>
      <longitude>4.198</longitude>
    </VrpAirLocation>
    <VrpAirLocation id="65">
      <id>63</id>
      <latitude>51.5722</latitude>
      <longitude>4.198</longitude>
    </VrpAirLocation>
    <VrpAirLocation id="66">
      <id>64</id>
      <latitude>51.5723</latitude>
      <longitude>4.1979</longitude>
    </VrpAirLocation>
    <VrpAirLocation id="67">
      <id>65</id>
      <latitude>51.5724</latitude>
      <longitude>4.1979</longitude>
    </VrpAirLocation>
    <VrpAirLocation id="68">
      <id>66</id>
      <latitude>51.5724</latitude>
      <longitude>4.1979</longitude>
    </VrpAirLocation>
    <VrpAirLocation id="69">
      <id>67</id>
      <latitude>51.5725</latitude>
      <longitude>4.1979</longitude>
    </VrpAirLocation>
    <VrpAirLocation id="70">
      <id>68</id>
      <latitude>51.5725</latitude>
      <longitude>4.1979</longitude>
    </VrpAirLocation>
    <VrpAirLocation id="71">
      <id>69</id>
      <latitude>51.5726</latitude>
      <longitude>4.1978</longitude>
    </VrpAirLocation>
    <VrpAirLocation id="72">
      <id>70</id>
      <latitude>51.5727</latitude>
      <longitude>4.1978</longitude>
    </VrpAirLocation>
    <VrpAirLocation id="73">
      <id>71</id>
      <latitude>51.5727</latitude>
      <longitude>4.1978</longitude>
    </VrpAirLocation>
    <VrpAirLocation id="74">
      <id>72</id>
      <latitude>51.5728</latitude>
      <longitude>4.1978</longitude>
    </VrpAirLocation>
    <VrpAirLocation id="75">
      <id>73</id>
      <latitude>51.5752</latitude>
      <longitude>4.1938</longitude>
    </VrpAirLocation>
    <VrpAirLocation id="76">
      <id>74</id>
      <latitude>51.5752</latitude>
      <longitude>4.1939</longitude>
    </VrpAirLocation>
    <VrpAirLocation id="77">
      <id>75</id>
      <latitude>51.5754</latitude>
      <longitude>4.1944</longitude>
    </VrpAirLocation>
    <VrpAirLocation id="78">
      <id>76</id>
      <latitude>51.5755</latitude>
      <longitude>4.1994</longitude>
    </VrpAirLocation>
    <VrpAirLocation id="79">
      <id>77</id>
      <latitude>51.5758</latitude>
      <longitude>4.2085</longitude>
    </VrpAirLocation>
    <VrpAirLocation id="80">
      <id>78</id>
      <latitude>51.5759</latitude>
      <longitude>4.2082</longitude>
    </VrpAirLocation>
    <VrpAirLocation id="81">
      <id>79</id>
      <latitude>51.5757</latitude>
      <longitude>4.2084</longitude>
    </VrpAirLocation>
    <VrpAirLocation id="82">
      <id>80</id>
      <latitude>51.5757</latitude>
      <longitude>4.2084</longitude>
    </VrpAirLocation>
    <VrpAirLocation id="83">
      <id>81</id>
      <latitude>51.5756</latitude>
      <longitude>4.2097</longitude>
    </VrpAirLocation>
    <VrpAirLocation id="84">
      <id>82</id>
      <latitude>51.5756</latitude>
      <longitude>4.2097</longitude>
    </VrpAirLocation>
    <VrpAirLocation id="85">
      <id>83</id>
      <latitude>51.5757</latitude>
      <longitude>4.2095</longitude>
    </VrpAirLocation>
    <VrpAirLocation id="86">
      <id>84</id>
      <latitude>51.5756</latitude>
      <longitude>4.2092</longitude>
    </VrpAirLocation>
    <VrpAirLocation id="87">
      <id>85</id>
      <latitude>51.5752</latitude>
      <longitude>4.2082</longitude>
    </VrpAirLocation>
    <VrpAirLocation id="88">
      <id>86</id>
      <latitude>51.5751</latitude>
      <longitude>4.2081</longitude>
    </VrpAirLocation>
    <VrpAirLocation id="89">
      <id>87</id>
      <latitude>51.5751</latitude>
      <longitude>4.2079</longitude>
    </VrpAirLocation>
    <VrpAirLocation id="90">
      <id>88</id>
      <latitude>51.575</latitude>
      <longitude>4.2078</longitude>
    </VrpAirLocation>
    <VrpAirLocation id="91">
      <id>89</id>
      <latitude>51.5747</latitude>
      <longitude>4.2071</longitude>
    </VrpAirLocation>
    <VrpAirLocation id="92">
      <id>90</id>
      <latitude>51.5746</latitude>
      <longitude>4.2068</longitude>
    </VrpAirLocation>
    <VrpAirLocation id="93">
      <id>91</id>
      <latitude>51.5742</latitude>
      <longitude>4.2062</longitude>
    </VrpAirLocation>
    <VrpAirLocation id="94">
      <id>92</id>
      <latitude>51.5738</latitude>
      <longitude>4.2046</longitude>
    </VrpAirLocation>
    <VrpAirLocation id="95">
      <id>93</id>
      <latitude>51.5738</latitude>
      <longitude>4.2045</longitude>
    </VrpAirLocation>
    <VrpAirLocation id="96">
      <id>94</id>
      <latitude>51.5738</latitude>
      <longitude>4.2043</longitude>
    </VrpAirLocation>
    <VrpAirLocation id="97">
      <id>95</id>
      <latitude>51.5758</latitude>
      <longitude>4.209</longitude>
    </VrpAirLocation>
    <VrpAirLocation id="98">
      <id>96</id>
      <latitude>51.5756</latitude>
      <longitude>4.2086</longitude>
    </VrpAirLocation>
    <VrpAirLocation id="99">
      <id>97</id>
      <latitude>51.5755</latitude>
      <longitude>4.2084</longitude>
    </VrpAirLocation>
    <VrpAirLocation id="100">
      <id>98</id>
      <latitude>51.5751</latitude>
      <longitude>4.2073</longitude>
    </VrpAirLocation>
    <VrpAirLocation id="101">
      <id>99</id>
      <latitude>51.5754</latitude>
      <longitude>4.2081</longitude>
    </VrpAirLocation>
    <VrpAirLocation id="102">
      <id>100</id>
      <latitude>51.5754</latitude>
      <longitude>4.208</longitude>
    </VrpAirLocation>
  </locationList>
  <depotList id="103">
    <VrpDepot id="104">
      <id>1</id>
      <location class="VrpAirLocation" reference="1000"/>
    </VrpDepot>
  </depotList>
  <vehicleList id="105">
    <VrpVehicle id="106">
      <id>0</id>
      <capacity>150</capacity>
      <depot reference="104"/>
    </VrpVehicle>
    <VrpVehicle id="107">
      <id>1</id>
      <capacity>150</capacity>
      <depot reference="104"/>
    </VrpVehicle>
    <VrpVehicle id="108">
      <id>2</id>
      <capacity>150</capacity>
      <depot reference="104"/>
    </VrpVehicle>
    <VrpVehicle id="109">
      <id>3</id>
      <capacity>150</capacity>
      <depot reference="104"/>
    </VrpVehicle>
    <VrpVehicle id="110">
      <id>4</id>
      <capacity>150</capacity>
      <depot reference="104"/>
    </VrpVehicle>
    <VrpVehicle id="111">
      <id>5</id>
      <capacity>150</capacity>
      <depot reference="104"/>
    </VrpVehicle>
    <VrpVehicle id="112">
      <id>6</id>
      <capacity>150</capacity>
      <depot reference="104"/>
    </VrpVehicle>
    <VrpVehicle id="113">
      <id>7</id>
      <capacity>150</capacity>
      <depot reference="104"/>
    </VrpVehicle>
    <VrpVehicle id="114">
      <id>8</id>
      <capacity>150</capacity>
      <depot reference="104"/>
    </VrpVehicle>
    <VrpVehicle id="115">
      <id>9</id>
      <capacity>150</capacity>
      <depot reference="104"/>
    </VrpVehicle>
  </vehicleList>
  <customerList id="116">
    <VrpCustomer id="117">
      <id>2</id>
      <location class="VrpAirLocation" reference="4"/>
      <demand>15</demand>
    </VrpCustomer>
    <VrpCustomer id="118">
      <id>3</id>
      <location class="VrpAirLocation" reference="5"/>
      <demand>16</demand>
    </VrpCustomer>
    <VrpCustomer id="119">
      <id>4</id>
      <location class="VrpAirLocation" reference="6"/>
      <demand>31</demand>
    </VrpCustomer>
    <VrpCustomer id="120">
      <id>5</id>
      <location class="VrpAirLocation" reference="7"/>
      <demand>14</demand>
    </VrpCustomer>
    <VrpCustomer id="121">
      <id>6</id>
      <location class="VrpAirLocation" reference="8"/>
      <demand>33</demand>
    </VrpCustomer>
    <VrpCustomer id="122">
      <id>7</id>
      <location class="VrpAirLocation" reference="9"/>
      <demand>7</demand>
    </VrpCustomer>
    <VrpCustomer id="123">
      <id>8</id>
      <location class="VrpAirLocation" reference="10"/>
      <demand>9</demand>
    </VrpCustomer>
    <VrpCustomer id="124">
      <id>9</id>
      <location class="VrpAirLocation" reference="11"/>
      <demand>17</demand>
    </VrpCustomer>
    <VrpCustomer id="125">
      <id>10</id>
      <location class="VrpAirLocation" reference="12"/>
      <demand>33</demand>
    </VrpCustomer>
    <VrpCustomer id="126">
      <id>11</id>
      <location class="VrpAirLocation" reference="13"/>
      <demand>26</demand>
    </VrpCustomer>
    <VrpCustomer id="127">
      <id>12</id>
      <location class="VrpAirLocation" reference="14"/>
      <demand>18</demand>
    </VrpCustomer>
    <VrpCustomer id="128">
      <id>13</id>
      <location class="VrpAirLocation" reference="15"/>
      <demand>10</demand>
    </VrpCustomer>
    <VrpCustomer id="129">
      <id>14</id>
      <location class="VrpAirLocation" reference="16"/>
      <demand>32</demand>
    </VrpCustomer>
    <VrpCustomer id="130">
      <id>15</id>
      <location class="VrpAirLocation" reference="17"/>
      <demand>26</demand>
    </VrpCustomer>
    <VrpCustomer id="131">
      <id>16</id>
      <location class="VrpAirLocation" reference="18"/>
      <demand>14</demand>
    </VrpCustomer>
    <VrpCustomer id="132">
      <id>17</id>
      <location class="VrpAirLocation" reference="19"/>
      <demand>32</demand>
    </VrpCustomer>
    <VrpCustomer id="133">
      <id>18</id>
      <location class="VrpAirLocation" reference="20"/>
      <demand>33</demand>
    </VrpCustomer>
    <VrpCustomer id="134">
      <id>19</id>
      <location class="VrpAirLocation" reference="21"/>
      <demand>30</demand>
    </VrpCustomer>
    <VrpCustomer id="135">
      <id>20</id>
      <location class="VrpAirLocation" reference="22"/>
      <demand>25</demand>
    </VrpCustomer>
    <VrpCustomer id="136">
      <id>21</id>
      <location class="VrpAirLocation" reference="23"/>
      <demand>18</demand>
    </VrpCustomer>
    <VrpCustomer id="137">
      <id>22</id>
      <location class="VrpAirLocation" reference="24"/>
      <demand>26</demand>
    </VrpCustomer>
    <VrpCustomer id="138">
      <id>23</id>
      <location class="VrpAirLocation" reference="25"/>
      <demand>2</demand>
    </VrpCustomer>
    <VrpCustomer id="139">
      <id>24</id>
      <location class="VrpAirLocation" reference="26"/>
      <demand>25</demand>
    </VrpCustomer>
    <VrpCustomer id="140">
      <id>25</id>
      <location class="VrpAirLocation" reference="27"/>
      <demand>10</demand>
    </VrpCustomer>
    <VrpCustomer id="141">
      <id>26</id>
      <location class="VrpAirLocation" reference="28"/>
      <demand>3</demand>
    </VrpCustomer>
    <VrpCustomer id="142">
      <id>27</id>
      <location class="VrpAirLocation" reference="29"/>
      <demand>28</demand>
    </VrpCustomer>
    <VrpCustomer id="143">
      <id>28</id>
      <location class="VrpAirLocation" reference="30"/>
      <demand>9</demand>
    </VrpCustomer>
    <VrpCustomer id="144">
      <id>29</id>
      <location class="VrpAirLocation" reference="31"/>
      <demand>21</demand>
    </VrpCustomer>
    <VrpCustomer id="145">
      <id>30</id>
      <location class="VrpAirLocation" reference="32"/>
      <demand>7</demand>
    </VrpCustomer>
    <VrpCustomer id="146">
      <id>31</id>
      <location class="VrpAirLocation" reference="33"/>
      <demand>24</demand>
    </VrpCustomer>
    <VrpCustomer id="147">
      <id>32</id>
      <location class="VrpAirLocation" reference="34"/>
      <demand>1</demand>
    </VrpCustomer>
    <VrpCustomer id="148">
      <id>33</id>
      <location class="VrpAirLocation" reference="35"/>
      <demand>5</demand>
    </VrpCustomer>
    <VrpCustomer id="149">
      <id>34</id>
      <location class="VrpAirLocation" reference="36"/>
      <demand>19</demand>
    </VrpCustomer>
    <VrpCustomer id="150">
      <id>35</id>
      <location class="VrpAirLocation" reference="37"/>
      <demand>4</demand>
    </VrpCustomer>
    <VrpCustomer id="151">
      <id>36</id>
      <location class="VrpAirLocation" reference="38"/>
      <demand>9</demand>
    </VrpCustomer>
    <VrpCustomer id="152">
      <id>37</id>
      <location class="VrpAirLocation" reference="39"/>
      <demand>7</demand>
    </VrpCustomer>
    <VrpCustomer id="153">
      <id>38</id>
      <location class="VrpAirLocation" reference="40"/>
      <demand>16</demand>
    </VrpCustomer>
    <VrpCustomer id="154">
      <id>39</id>
      <location class="VrpAirLocation" reference="41"/>
      <demand>27</demand>
    </VrpCustomer>
    <VrpCustomer id="155">
      <id>40</id>
      <location class="VrpAirLocation" reference="42"/>
      <demand>15</demand>
    </VrpCustomer>
    <VrpCustomer id="156">
      <id>41</id>
      <location class="VrpAirLocation" reference="43"/>
      <demand>17</demand>
    </VrpCustomer>
    <VrpCustomer id="157">
      <id>42</id>
      <location class="VrpAirLocation" reference="44"/>
      <demand>20</demand>
    </VrpCustomer>
    <VrpCustomer id="158">
      <id>43</id>
      <location class="VrpAirLocation" reference="45"/>
      <demand>27</demand>
    </VrpCustomer>
    <VrpCustomer id="159">
      <id>44</id>
      <location class="VrpAirLocation" reference="46"/>
      <demand>33</demand>
    </VrpCustomer>
    <VrpCustomer id="160">
      <id>45</id>
      <location class="VrpAirLocation" reference="47"/>
      <demand>18</demand>
    </VrpCustomer>
    <VrpCustomer id="161">
      <id>46</id>
      <location class="VrpAirLocation" reference="48"/>
      <demand>31</demand>
    </VrpCustomer>
    <VrpCustomer id="162">
      <id>47</id>
      <location class="VrpAirLocation" reference="49"/>
      <demand>19</demand>
    </VrpCustomer>
    <VrpCustomer id="163">
      <id>48</id>
      <location class="VrpAirLocation" reference="50"/>
      <demand>24</demand>
    </VrpCustomer>
    <VrpCustomer id="164">
      <id>49</id>
      <location class="VrpAirLocation" reference="51"/>
      <demand>16</demand>
    </VrpCustomer>
    <VrpCustomer id="165">
      <id>50</id>
      <location class="VrpAirLocation" reference="52"/>
      <demand>32</demand>
    </VrpCustomer>
    <VrpCustomer id="166">
      <id>51</id>
      <location class="VrpAirLocation" reference="53"/>
      <demand>25</demand>
    </VrpCustomer>
    <VrpCustomer id="167">
      <id>52</id>
      <location class="VrpAirLocation" reference="54"/>
      <demand>19</demand>
    </VrpCustomer>
    <VrpCustomer id="168">
      <id>53</id>
      <location class="VrpAirLocation" reference="55"/>
      <demand>25</demand>
    </VrpCustomer>
    <VrpCustomer id="169">
      <id>54</id>
      <location class="VrpAirLocation" reference="56"/>
      <demand>19</demand>
    </VrpCustomer>
    <VrpCustomer id="170">
      <id>55</id>
      <location class="VrpAirLocation" reference="57"/>
      <demand>32</demand>
    </VrpCustomer>
    <VrpCustomer id="171">
      <id>56</id>
      <location class="VrpAirLocation" reference="58"/>
      <demand>11</demand>
    </VrpCustomer>
    <VrpCustomer id="172">
      <id>57</id>
      <location class="VrpAirLocation" reference="59"/>
      <demand>24</demand>
    </VrpCustomer>
    <VrpCustomer id="173">
      <id>58</id>
      <location class="VrpAirLocation" reference="60"/>
      <demand>14</demand>
    </VrpCustomer>
    <VrpCustomer id="174">
      <id>59</id>
      <location class="VrpAirLocation" reference="61"/>
      <demand>11</demand>
    </VrpCustomer>
    <VrpCustomer id="175">
      <id>60</id>
      <location class="VrpAirLocation" reference="62"/>
      <demand>2</demand>
    </VrpCustomer>
    <VrpCustomer id="176">
      <id>61</id>
      <location class="VrpAirLocation" reference="63"/>
      <demand>15</demand>
    </VrpCustomer>
    <VrpCustomer id="177">
      <id>62</id>
      <location class="VrpAirLocation" reference="64"/>
      <demand>28</demand>
    </VrpCustomer>
    <VrpCustomer id="178">
      <id>63</id>
      <location class="VrpAirLocation" reference="65"/>
      <demand>7</demand>
    </VrpCustomer>
    <VrpCustomer id="179">
      <id>64</id>
      <location class="VrpAirLocation" reference="66"/>
      <demand>18</demand>
    </VrpCustomer>
    <VrpCustomer id="180">
      <id>65</id>
      <location class="VrpAirLocation" reference="67"/>
      <demand>14</demand>
    </VrpCustomer>
    <VrpCustomer id="181">
      <id>66</id>
      <location class="VrpAirLocation" reference="68"/>
      <demand>16</demand>
    </VrpCustomer>
    <VrpCustomer id="182">
      <id>67</id>
      <location class="VrpAirLocation" reference="69"/>
      <demand>3</demand>
    </VrpCustomer>
    <VrpCustomer id="183">
      <id>68</id>
      <location class="VrpAirLocation" reference="70"/>
      <demand>5</demand>
    </VrpCustomer>
    <VrpCustomer id="184">
      <id>69</id>
      <location class="VrpAirLocation" reference="71"/>
      <demand>33</demand>
    </VrpCustomer>
    <VrpCustomer id="185">
      <id>70</id>
      <location class="VrpAirLocation" reference="72"/>
      <demand>17</demand>
    </VrpCustomer>
    <VrpCustomer id="186">
      <id>71</id>
      <location class="VrpAirLocation" reference="73"/>
      <demand>18</demand>
    </VrpCustomer>
    <VrpCustomer id="187">
      <id>72</id>
      <location class="VrpAirLocation" reference="74"/>
      <demand>4</demand>
    </VrpCustomer>
    <VrpCustomer id="188">
      <id>73</id>
      <location class="VrpAirLocation" reference="75"/>
      <demand>24</demand>
    </VrpCustomer>
    <VrpCustomer id="189">
      <id>74</id>
      <location class="VrpAirLocation" reference="76"/>
      <demand>13</demand>
    </VrpCustomer>
    <VrpCustomer id="190">
      <id>75</id>
      <location class="VrpAirLocation" reference="77"/>
      <demand>27</demand>
    </VrpCustomer>
    <VrpCustomer id="191">
      <id>76</id>
      <location class="VrpAirLocation" reference="78"/>
      <demand>19</demand>
    </VrpCustomer>
    <VrpCustomer id="192">
      <id>77</id>
      <location class="VrpAirLocation" reference="79"/>
      <demand>28</demand>
    </VrpCustomer>
    <VrpCustomer id="193">
      <id>78</id>
      <location class="VrpAirLocation" reference="80"/>
      <demand>27</demand>
    </VrpCustomer>
    <VrpCustomer id="194">
      <id>79</id>
      <location class="VrpAirLocation" reference="81"/>
      <demand>1</demand>
    </VrpCustomer>
    <VrpCustomer id="195">
      <id>80</id>
      <location class="VrpAirLocation" reference="82"/>
      <demand>10</demand>
    </VrpCustomer>
    <VrpCustomer id="196">
      <id>81</id>
      <location class="VrpAirLocation" reference="83"/>
      <demand>26</demand>
    </VrpCustomer>
    <VrpCustomer id="197">
      <id>82</id>
      <location class="VrpAirLocation" reference="84"/>
      <demand>5</demand>
    </VrpCustomer>
    <VrpCustomer id="198">
      <id>83</id>
      <location class="VrpAirLocation" reference="85"/>
      <demand>1</demand>
    </VrpCustomer>
    <VrpCustomer id="199">
      <id>84</id>
      <location class="VrpAirLocation" reference="86"/>
      <demand>7</demand>
    </VrpCustomer>
    <VrpCustomer id="200">
      <id>85</id>
      <location class="VrpAirLocation" reference="87"/>
      <demand>19</demand>
    </VrpCustomer>
    <VrpCustomer id="201">
      <id>86</id>
      <location class="VrpAirLocation" reference="88"/>
      <demand>13</demand>
    </VrpCustomer>
    <VrpCustomer id="202">
      <id>87</id>
      <location class="VrpAirLocation" reference="89"/>
      <demand>22</demand>
    </VrpCustomer>
    <VrpCustomer id="203">
      <id>88</id>
      <location class="VrpAirLocation" reference="90"/>
      <demand>27</demand>
    </VrpCustomer>
    <VrpCustomer id="204">
      <id>89</id>
      <location class="VrpAirLocation" reference="91"/>
      <demand>5</demand>
    </VrpCustomer>
    <VrpCustomer id="205">
      <id>90</id>
      <location class="VrpAirLocation" reference="92"/>
      <demand>33</demand>
    </VrpCustomer>
    <VrpCustomer id="206">
      <id>91</id>
      <location class="VrpAirLocation" reference="93"/>
      <demand>21</demand>
    </VrpCustomer>
    <VrpCustomer id="207">
      <id>92</id>
      <location class="VrpAirLocation" reference="94"/>
      <demand>13</demand>
    </VrpCustomer>
    <VrpCustomer id="208">
      <id>93</id>
      <location class="VrpAirLocation" reference="95"/>
      <demand>16</demand>
    </VrpCustomer>
    <VrpCustomer id="209">
      <id>94</id>
      <location class="VrpAirLocation" reference="96"/>
      <demand>7</demand>
    </VrpCustomer>
    <VrpCustomer id="210">
      <id>95</id>
      <location class="VrpAirLocation" reference="97"/>
      <demand>2</demand>
    </VrpCustomer>
    <VrpCustomer id="211">
      <id>96</id>
      <location class="VrpAirLocation" reference="98"/>
      <demand>30</demand>
    </VrpCustomer>
    <VrpCustomer id="212">
      <id>97</id>
      <location class="VrpAirLocation" reference="99"/>
      <demand>12</demand>
    </VrpCustomer>
    <VrpCustomer id="213">
      <id>98</id>
      <location class="VrpAirLocation" reference="100"/>
      <demand>28</demand>
    </VrpCustomer>
    <VrpCustomer id="214">
      <id>99</id>
      <location class="VrpAirLocation" reference="101"/>
      <demand>9</demand>
    </VrpCustomer>
    <VrpCustomer id="215">
      <id>100</id>
      <location class="VrpAirLocation" reference="102"/>
      <demand>26</demand>
    </VrpCustomer>
  </customerList>
</VrpVehicleRoutingSolution>